<?xml version="1.0" encoding="UTF-8"?>
<testsuite xmlns:xsi="http://www.w3.org/2001/XMLSchema-instance" xsi:noNamespaceSchemaLocation="https://maven.apache.org/surefire/maven-surefire-plugin/xsd/surefire-test-report-3.0.xsd" version="3.0" name="org.csystem.SampleTest" time="0.068" tests="1" errors="0" skipped="0" failures="0">
  <properties>
    <property name="java.specification.version" value="21"/>
    <property name="sun.cpu.isalist" value="amd64"/>
    <property name="sun.jnu.encoding" value="Cp1254"/>
    <property name="java.class.path" value="D:\Repositories\JavaApp2-Jan-2024\src\Projects\040-DemogRPCRandomStringGenerator\RandomStringGeneratorProtoLib\target\test-classes;D:\Repositories\JavaApp2-Jan-2024\src\Projects\040-DemogRPCRandomStringGenerator\RandomStringGeneratorProtoLib\target\classes;C:\Users\Hp\.m2\repository\io\grpc\grpc-stub\1.45.1\grpc-stub-1.45.1.jar;C:\Users\Hp\.m2\repository\io\grpc\grpc-api\1.45.1\grpc-api-1.45.1.jar;C:\Users\Hp\.m2\repository\io\grpc\grpc-context\1.45.1\grpc-context-1.45.1.jar;C:\Users\Hp\.m2\repository\com\google\guava\guava\31.0.1-android\guava-31.0.1-android.jar;C:\Users\Hp\.m2\repository\com\google\guava\failureaccess\1.0.1\failureaccess-1.0.1.jar;C:\Users\Hp\.m2\repository\com\google\guava\listenablefuture\9999.0-empty-to-avoid-conflict-with-guava\listenablefuture-9999.0-empty-to-avoid-conflict-with-guava.jar;C:\Users\Hp\.m2\repository\org\checkerframework\checker-qual\3.12.0\checker-qual-3.12.0.jar;C:\Users\Hp\.m2\repository\org\checkerframework\checker-compat-qual\2.5.5\checker-compat-qual-2.5.5.jar;C:\Users\Hp\.m2\repository\com\google\j2objc\j2objc-annotations\1.3\j2objc-annotations-1.3.jar;C:\Users\Hp\.m2\repository\com\google\errorprone\error_prone_annotations\2.10.0\error_prone_annotations-2.10.0.jar;C:\Users\Hp\.m2\repository\io\grpc\grpc-protobuf\1.45.1\grpc-protobuf-1.45.1.jar;C:\Users\Hp\.m2\repository\com\google\code\findbugs\jsr305\3.0.2\jsr305-3.0.2.jar;C:\Users\Hp\.m2\repository\com\google\protobuf\protobuf-java\3.19.2\protobuf-java-3.19.2.jar;C:\Users\Hp\.m2\repository\com\google\api\grpc\proto-google-common-protos\2.0.1\proto-google-common-protos-2.0.1.jar;C:\Users\Hp\.m2\repository\io\grpc\grpc-protobuf-lite\1.45.1\grpc-protobuf-lite-1.45.1.jar;C:\Users\Hp\.m2\repository\org\apache\tomcat\annotations-api\6.0.53\annotations-api-6.0.53.jar;C:\Users\Hp\.m2\repository\org\projectlombok\lombok\1.18.32\lombok-1.18.32.jar;"/>
    <property name="java.vm.vendor" value="Oracle Corporation"/>
    <property name="sun.arch.data.model" value="64"/>
    <property name="user.variant" value=""/>
    <property name="java.vendor.url" value="https://java.oracle.com/"/>
    <property name="user.timezone" value="Europe/Istanbul"/>
    <property name="os.name" value="Windows 10"/>
    <property name="java.vm.specification.version" value="21"/>
    <property name="sun.java.launcher" value="SUN_STANDARD"/>
    <property name="user.country" value="US"/>
    <property name="sun.boot.library.path" value="C:\Program Files\Java\jdk-21\bin"/>
    <property name="sun.java.command" value="C:\Users\Hp\AppData\Local\Temp\surefire7318393772943517123\surefirebooter-20240814204315767_3.jar C:\Users\Hp\AppData\Local\Temp\surefire7318393772943517123 2024-08-14T20-43-15_452-jvmRun1 surefire-20240814204315767_1tmp surefire_0-20240814204315767_2tmp"/>
    <property name="jdk.debug" value="release"/>
    <property name="surefire.test.class.path" value="D:\Repositories\JavaApp2-Jan-2024\src\Projects\040-DemogRPCRandomStringGenerator\RandomStringGeneratorProtoLib\target\test-classes;D:\Repositories\JavaApp2-Jan-2024\src\Projects\040-DemogRPCRandomStringGenerator\RandomStringGeneratorProtoLib\target\classes;C:\Users\Hp\.m2\repository\io\grpc\grpc-stub\1.45.1\grpc-stub-1.45.1.jar;C:\Users\Hp\.m2\repository\io\grpc\grpc-api\1.45.1\grpc-api-1.45.1.jar;C:\Users\Hp\.m2\repository\io\grpc\grpc-context\1.45.1\grpc-context-1.45.1.jar;C:\Users\Hp\.m2\repository\com\google\guava\guava\31.0.1-android\guava-31.0.1-android.jar;C:\Users\Hp\.m2\repository\com\google\guava\failureaccess\1.0.1\failureaccess-1.0.1.jar;C:\Users\Hp\.m2\repository\com\google\guava\listenablefuture\9999.0-empty-to-avoid-conflict-with-guava\listenablefuture-9999.0-empty-to-avoid-conflict-with-guava.jar;C:\Users\Hp\.m2\repository\org\checkerframework\checker-qual\3.12.0\checker-qual-3.12.0.jar;C:\Users\Hp\.m2\repository\org\checkerframework\checker-compat-qual\2.5.5\checker-compat-qual-2.5.5.jar;C:\Users\Hp\.m2\repository\com\google\j2objc\j2objc-annotations\1.3\j2objc-annotations-1.3.jar;C:\Users\Hp\.m2\repository\com\google\errorprone\error_prone_annotations\2.10.0\error_prone_annotations-2.10.0.jar;C:\Users\Hp\.m2\repository\io\grpc\grpc-protobuf\1.45.1\grpc-protobuf-1.45.1.jar;C:\Users\Hp\.m2\repository\com\google\code\findbugs\jsr305\3.0.2\jsr305-3.0.2.jar;C:\Users\Hp\.m2\repository\com\google\protobuf\protobuf-java\3.19.2\protobuf-java-3.19.2.jar;C:\Users\Hp\.m2\repository\com\google\api\grpc\proto-google-common-protos\2.0.1\proto-google-common-protos-2.0.1.jar;C:\Users\Hp\.m2\repository\io\grpc\grpc-protobuf-lite\1.45.1\grpc-protobuf-lite-1.45.1.jar;C:\Users\Hp\.m2\repository\org\apache\tomcat\annotations-api\6.0.53\annotations-api-6.0.53.jar;C:\Users\Hp\.m2\repository\org\projectlombok\lombok\1.18.32\lombok-1.18.32.jar;"/>
    <property name="sun.cpu.endian" value="little"/>
    <property name="user.home" value="C:\Users\Hp"/>
    <property name="user.language" value="en"/>
    <property name="java.specification.vendor" value="Oracle Corporation"/>
    <property name="java.version.date" value="2023-10-17"/>
    <property name="java.home" value="C:\Program Files\Java\jdk-21"/>
    <property name="file.separator" value="\"/>
    <property name="basedir" value="D:\Repositories\JavaApp2-Jan-2024\src\Projects\040-DemogRPCRandomStringGenerator\RandomStringGeneratorProtoLib"/>
    <property name="java.vm.compressedOopsMode" value="Zero based"/>
    <property name="line.separator" value="&#10;"/>
    <property name="java.vm.specification.vendor" value="Oracle Corporation"/>
    <property name="java.specification.name" value="Java Platform API Specification"/>
    <property name="surefire.real.class.path" value="C:\Users\Hp\AppData\Local\Temp\surefire7318393772943517123\surefirebooter-20240814204315767_3.jar"/>
    <property name="user.script" value=""/>
    <property name="sun.management.compiler" value="HotSpot 64-Bit Tiered Compilers"/>
    <property name="java.runtime.version" value="21.0.1+12-LTS-29"/>
    <property name="user.name" value="Hp"/>
    <property name="stdout.encoding" value="Cp1254"/>
    <property name="path.separator" value=";"/>
    <property name="os.version" value="10.0"/>
    <property name="java.runtime.name" value="Java(TM) SE Runtime Environment"/>
    <property name="file.encoding" value="UTF-8"/>
    <property name="java.vm.name" value="Java HotSpot(TM) 64-Bit Server VM"/>
    <property name="localRepository" value="C:\Users\Hp\.m2\repository"/>
    <property name="java.vendor.url.bug" value="https://bugreport.java.com/bugreport/"/>
    <property name="java.io.tmpdir" value="C:\Users\Hp\AppData\Local\Temp\"/>
    <property name="java.version" value="21.0.1"/>
    <property name="user.dir" value="D:\Repositories\JavaApp2-Jan-2024\src\Projects\040-DemogRPCRandomStringGenerator\RandomStringGeneratorProtoLib"/>
    <property name="os.arch" value="amd64"/>
    <property name="java.vm.specification.name" value="Java Virtual Machine Specification"/>
    <property name="sun.os.patch.level" value=""/>
    <property name="native.encoding" value="Cp1254"/>
    <property name="java.library.path" value="C:\Program Files\Java\jdk-21\bin;C:\Windows\Sun\Java\bin;C:\Windows\system32;C:\Windows;C:\Program Files (x86)\VMware\VMware Player\bin\;C:\Program Files\Common Files\Oracle\Java\javapath;C:\Windows\system32;C:\Windows;C:\Windows\System32\Wbem;C:\Windows\System32\WindowsPowerShell\v1.0\;C:\Windows\System32\OpenSSH\;C:\Program Files (x86)\Microsoft SQL Server\160\Tools\Binn\;C:\Program Files\Microsoft SQL Server\160\Tools\Binn\;C:\Program Files\Microsoft SQL Server\Client SDK\ODBC\170\Tools\Binn\;C:\Program Files\Microsoft SQL Server\160\DTS\Binn\;C:\Program Files (x86)\Microsoft SQL Server\160\DTS\Binn\;C:\Program Files\Azure Data Studio\bin;C:\Program Files\MongoDB\Server\7.0\bin;C:\Program Files\dotnet\;C:\Program Files (x86)\Windows Kits\10\Windows Performance Toolkit\;C:\Program Files\Java\jdk-21\bin;C:\Program Files\PostgreSQL\16\bin;C:\Users\Hp\Downloads\apache-maven-3.8.8-bin\apache-maven-3.8.8\bin;C:\Users\Hp\Documents\apache-tomcat-9.0.89\bin;C:\Program Files\Git\cmd;C:\Users\Hp\Documents\protoc-3.20.1-win64\bin;C:\Users\Hp\Documents\grpcurl_1.9.1_windows_x86_64;C:\Users\Hp\Downloads\kotlin-compiler-2.0.10\kotlinc\bin;C:\Users\Hp\AppData\Local\Microsoft\WindowsApps;C:\Program Files\JetBrains\IntelliJ IDEA 2023.2.3\bin;;C:\Users\Hp\AppData\Local\GitHubDesktop\bin;C:\Program Files\Azure Data Studio\bin;C:\Program Files\JetBrains\GoLand 2024.1.4\bin;;C:\Users\Hp\sdk\go1.21.3\bin;C:\Users\Hp\AppData\Local\Programs\Microsoft VS Code\bin;C:\Program Files\JetBrains\DataGrip 2023.3.2\bin;;C:\Users\Hp\AppData\Local\Programs\mongosh\;C:\Program Files\MongoDB\Server\7.0\bin;C:\Users\Hp\.dotnet\tools;C:\Program Files\Java\jdk-21\bin;C:\Program Files\PostgreSQL\16\bin;C:\Users\Hp\Downloads\apache-maven-3.8.8-bin\apache-maven-3.8.8\bin;C:\Users\Hp\Documents\apache-tomcat-9.0.89\bin;C:\Users\Hp\Documents\protoc-3.20.1-win64\bin;C:\Users\Hp\Documents\grpcurl_1.9.1_windows_x86_64;C:\Program Files\JetBrains\IntelliJ IDEA Community Edition 2024.1.5\bin;;C:\Users\Hp\Downloads\kotlin-compiler-2.0.10\kotlinc\bin;;."/>
    <property name="java.vm.info" value="mixed mode, sharing"/>
    <property name="stderr.encoding" value="Cp1254"/>
    <property name="java.vendor" value="Oracle Corporation"/>
    <property name="java.vm.version" value="21.0.1+12-LTS-29"/>
    <property name="sun.io.unicode.encoding" value="UnicodeLittle"/>
    <property name="java.class.version" value="65.0"/>
  </properties>
  <testcase name="org.csystem.SampleTest.test()" classname="org.csystem.SampleTest" time="0.001"/>
</testsuite>